<?xml version="1.0" encoding="UTF-8"?>
<!-- Generated by org.testng.reporters.JUnitXMLReporter -->
<testsuite ignored="0" hostname="HP-Dago" failures="0" tests="14" name="APITest" time="10.169" errors="0" timestamp="2023-06-14T19:15:09 CDT">
  <testcase classname="api.test.testsStudents" name="testPostStudent" time="4.941"/>
  <testcase classname="api.test.testsStudents" name="testGetStudent" time="0.148"/>
  <testcase classname="api.test.testsStudents" name="testPutStudent" time="0.09"/>
  <testcase classname="api.test.testsStudents" name="testDeleteStudent" time="0.074"/>
  <testcase classname="api.test.testsStudents2" name="testPostStudent" time="0.111"/>
  <testcase classname="api.test.testsStudents2" name="testGetStudent" time="0.072"/>
  <testcase classname="api.test.testsStudents2" name="testPutStudent" time="0.09"/>
  <testcase classname="api.test.testsStudents2" name="testDeleteStudent" time="0.058"/>
  <testcase classname="api.test.DDTests" name="testGetUser" time="0.066"/>
  <testcase classname="api.test.DDTests" name="testGetUser" time="0.05"/>
  <testcase classname="api.test.DDTests" name="testGetUser" time="0.046"/>
  <testcase classname="api.test.DDTests" name="testUpdateStudents" time="0.063"/>
  <testcase classname="api.test.DDTests" name="testUpdateStudents" time="0.027"/>
  <testcase classname="api.test.DDTests" name="testUpdateStudents" time="0.049"/>
</testsuite> <!-- APITest -->
