<?xml version="1.0" encoding="UTF-8"?>
<!-- Generated by org.testng.reporters.JUnitXMLReporter -->
<testsuite ignored="0" hostname="HP-Dago" failures="0" tests="4" name="Default test" time="6.758" errors="0" timestamp="2023-06-14T19:09:38 CDT">
  <testcase classname="api.test.testsStudents2" name="testPostStudent" time="4.547"/>
  <testcase classname="api.test.testsStudents2" name="testGetStudent" time="0.16"/>
  <testcase classname="api.test.testsStudents2" name="testPutStudent" time="0.148"/>
  <testcase classname="api.test.testsStudents2" name="testDeleteStudent" time="0.072"/>
</testsuite> <!-- Default test -->
