<?xml version="1.0" encoding="UTF-8"?>
<!-- Generated by org.testng.reporters.JUnitXMLReporter -->
<testsuite ignored="1" hostname="HP-Dago" failures="0" tests="3" name="Default test" time="5.868" errors="0" timestamp="2023-06-14T23:45:47 CDT">
  <testcase classname="api.test.DDTests" name="testUpdateStudents" time="3.108"/>
  <testcase classname="api.test.DDTests" name="testUpdateStudents" time="0.076"/>
  <testcase classname="api.test.DDTests" name="testUpdateStudents" time="0.073"/>
  <testcase classname="api.test.DDTests" name="testGetUser" time="0.0">
    <ignored/>
  </testcase> <!-- testGetUser -->
</testsuite> <!-- Default test -->
