<?xml version="1.0" encoding="UTF-8"?>
<testsuite xmlns:xsi="http://www.w3.org/2001/XMLSchema-instance" xsi:noNamespaceSchemaLocation="https://maven.apache.org/surefire/maven-surefire-plugin/xsd/surefire-test-report-3.0.xsd" version="3.0" name="TestSuite" time="12.943" tests="14" errors="0" skipped="0" failures="0">
  <properties>
[...]
</properties>
  <testcase name="testPostStudent[org.testng.TestRunner@37ca3ca8](1)" classname="api.test.testsStudents" time="4.969">
    <system-out><![CDATA[19:14:59.996 [main] INFO  api.test.testsStudents - -----Inicio----
{
    "id": 7,
    "location": "Slovenia",
    "name": "Bobbie",
    "phone": "1-749-357-4347",
    "courses": [
        "Emacs Lisp",
        "bc"
    ]
}
7
19:15:04.925 [main] INFO  api.test.testsStudents - -----POST----
]]></system-out>
    <system-err><![CDATA[SLF4J: Failed to load class "org.slf4j.impl.StaticLoggerBinder".
SLF4J: Defaulting to no-operation (NOP) logger implementation
SLF4J: See http://www.slf4j.org/codes.html#StaticLoggerBinder for further details.
]]></system-err>
  </testcase>
  <testcase name="testGetStudent[org.testng.TestRunner@37ca3ca8](1)" classname="api.test.testsStudents" time="0.14">
    <system-out><![CDATA[19:15:04.964 [main] INFO  api.test.testsStudents - -----GET----
7
{
  "id": 7,
  "location": "Slovenia",
  "name": "Bobbie",
  "phone": "1-749-357-4347",
  "courses": [
    "Emacs Lisp",
    "bc"
  ]
}
7
]]></system-out>
  </testcase>
  <testcase name="testPutStudent[org.testng.TestRunner@37ca3ca8](1)" classname="api.test.testsStudents" time="0.08">
    <system-out><![CDATA[19:15:05.116 [main] INFO  api.test.testsStudents - -----DATA UPDATE----
19:15:05.118 [main] INFO  api.test.testsStudents - -----UPDATE----
{
    "id": 7,
    "location": "Zimbabwe",
    "name": "Cuc",
    "phone": "433-904-4702",
    "courses": [
        "Emacs Lisp",
        "bc"
    ]
}
7
]]></system-out>
  </testcase>
  <testcase name="testDeleteStudent[org.testng.TestRunner@37ca3ca8](1)" classname="api.test.testsStudents" time="0.075">
    <system-out><![CDATA[19:15:05.207 [main] INFO  api.test.testsStudents - -----DELETE----
{
    
}
19:15:05.279 [main] INFO  api.test.testsStudents - -----FIN----
]]></system-out>
  </testcase>
  <testcase name="testPostStudent[org.testng.TestRunner@37ca3ca8](1)" classname="api.test.testsStudents2" time="0.118">
    <system-out><![CDATA[19:15:05.376 [main] INFO  api.test.testsStudents2 - -----Inicio----
{
    "id": 7,
    "location": "Chile",
    "name": "Avery",
    "phone": "(040) 695-3747",
    "courses": [
        "XPL",
        "Aldor"
    ]
}
7
19:15:05.485 [main] INFO  api.test.testsStudents2 - -----POST----
]]></system-out>
  </testcase>
  <testcase name="testGetStudent[org.testng.TestRunner@37ca3ca8](1)" classname="api.test.testsStudents2" time="0.076">
    <system-out><![CDATA[19:15:05.495 [main] INFO  api.test.testsStudents2 - -----GET----
7
{
  "id": 7,
  "location": "Chile",
  "name": "Avery",
  "phone": "(040) 695-3747",
  "courses": [
    "XPL",
    "Aldor"
  ]
}
7
]]></system-out>
  </testcase>
  <testcase name="testPutStudent[org.testng.TestRunner@37ca3ca8](1)" classname="api.test.testsStudents2" time="0.1">
    <system-out><![CDATA[19:15:05.568 [main] INFO  api.test.testsStudents2 - -----DATA UPDATE----
19:15:05.570 [main] INFO  api.test.testsStudents2 - -----UPDATE----
{
    "id": 7,
    "location": "Tunisia",
    "name": "Humberto",
    "phone": "519.724.4859",
    "courses": [
        "XPL",
        "Aldor"
    ]
}
7
]]></system-out>
  </testcase>
  <testcase name="testDeleteStudent[org.testng.TestRunner@37ca3ca8](1)" classname="api.test.testsStudents2" time="0.052">
    <system-out><![CDATA[19:15:05.660 [main] INFO  api.test.testsStudents2 - -----DELETE----
{
    
}
19:15:05.716 [main] INFO  api.test.testsStudents2 - -----FIN----
]]></system-out>
  </testcase>
  <testcase name="testGetUser[1](1)" classname="api.test.DDTests" time="0.083">
    <system-out><![CDATA[1
HTTP/1.1 200 OK
X-Powered-By: Express
Vary: Origin, Accept-Encoding
Access-Control-Allow-Credentials: true
Cache-Control: no-cache
Pragma: no-cache
Expires: -1
X-Content-Type-Options: nosniff
Content-Type: application/json; charset=utf-8
Content-Length: 93
ETag: W/"5d-iHw/YtaJ6WXZkqJwzuxDmGVvqm0"
Date: Thu, 15 Jun 2023 00:15:07 GMT
Connection: keep-alive
Keep-Alive: timeout=5

{
    "id": 1,
    "location": "mex",
    "name": "test1",
    "phone": "123132",
    "courses": null
}
]]></system-out>
  </testcase>
  <testcase name="testGetUser[2](2)" classname="api.test.DDTests" time="0.036">
    <system-out><![CDATA[2
HTTP/1.1 200 OK
X-Powered-By: Express
Vary: Origin, Accept-Encoding
Access-Control-Allow-Credentials: true
Cache-Control: no-cache
Pragma: no-cache
Expires: -1
X-Content-Type-Options: nosniff
Content-Type: application/json; charset=utf-8
Content-Length: 92
ETag: W/"5c-IAiq5Z9iKYDax9oggblk28cVzRA"
Date: Thu, 15 Jun 2023 00:15:07 GMT
Connection: keep-alive
Keep-Alive: timeout=5

{
    "id": 2,
    "location": "usa",
    "name": "test2",
    "phone": "43546",
    "courses": null
}
]]></system-out>
  </testcase>
  <testcase name="testGetUser[3](3)" classname="api.test.DDTests" time="0.028">
    <system-out><![CDATA[3
HTTP/1.1 200 OK
X-Powered-By: Express
Vary: Origin, Accept-Encoding
Access-Control-Allow-Credentials: true
Cache-Control: no-cache
Pragma: no-cache
Expires: -1
X-Content-Type-Options: nosniff
Content-Type: application/json; charset=utf-8
Content-Length: 93
ETag: W/"5d-YE/QnYKdGUV7y0hv1ffN1664gvA"
Date: Thu, 15 Jun 2023 00:15:07 GMT
Connection: keep-alive
Keep-Alive: timeout=5

{
    "id": 3,
    "location": "chin",
    "name": "test3",
    "phone": "78778",
    "courses": null
}
]]></system-out>
  </testcase>
  <testcase name="testUpdateStudents[1, test1, mex, 123132](1)" classname="api.test.DDTests" time="0.207">
    <system-out><![CDATA[1
HTTP/1.1 200 OK
X-Powered-By: Express
Vary: Origin, Accept-Encoding
Access-Control-Allow-Credentials: true
Cache-Control: no-cache
Pragma: no-cache
Expires: -1
X-Content-Type-Options: nosniff
Content-Type: application/json; charset=utf-8
Content-Length: 93
ETag: W/"5d-iHw/YtaJ6WXZkqJwzuxDmGVvqm0"
Date: Thu, 15 Jun 2023 00:15:08 GMT
Connection: keep-alive
Keep-Alive: timeout=5

{
    "id": 1,
    "location": "mex",
    "name": "test1",
    "phone": "123132",
    "courses": null
}
]]></system-out>
  </testcase>
  <testcase name="testUpdateStudents[2, test2, usa, 43546](2)" classname="api.test.DDTests" time="0.006">
    <system-out><![CDATA[2
HTTP/1.1 200 OK
X-Powered-By: Express
Vary: Origin, Accept-Encoding
Access-Control-Allow-Credentials: true
Cache-Control: no-cache
Pragma: no-cache
Expires: -1
X-Content-Type-Options: nosniff
Content-Type: application/json; charset=utf-8
Content-Length: 92
ETag: W/"5c-IAiq5Z9iKYDax9oggblk28cVzRA"
Date: Thu, 15 Jun 2023 00:15:08 GMT
Connection: keep-alive
Keep-Alive: timeout=5

{
    "id": 2,
    "location": "usa",
    "name": "test2",
    "phone": "43546",
    "courses": null
}
]]></system-out>
  </testcase>
  <testcase name="testUpdateStudents[3, test3, chin, 78778](3)" classname="api.test.DDTests" time="0.006">
    <system-out><![CDATA[3
HTTP/1.1 200 OK
X-Powered-By: Express
Vary: Origin, Accept-Encoding
Access-Control-Allow-Credentials: true
Cache-Control: no-cache
Pragma: no-cache
Expires: -1
X-Content-Type-Options: nosniff
Content-Type: application/json; charset=utf-8
Content-Length: 93
ETag: W/"5d-YE/QnYKdGUV7y0hv1ffN1664gvA"
Date: Thu, 15 Jun 2023 00:15:08 GMT
Connection: keep-alive
Keep-Alive: timeout=5

{
    "id": 3,
    "location": "chin",
    "name": "test3",
    "phone": "78778",
    "courses": null
}
]]></system-out>
  </testcase>
</testsuite>