<?xml version="1.0" encoding="UTF-8"?>
<testng-results ignored="0" total="14" passed="14" failed="0" skipped="0">
  <reporter-output>
  </reporter-output>
  <suite started-at="2023-06-14T19:14:58 CDT" name="Students" finished-at="2023-06-14T19:15:08 CDT" duration-ms="10169">
    <groups>
    </groups>
    <test started-at="2023-06-14T19:14:58 CDT" name="APITest" finished-at="2023-06-14T19:15:08 CDT" duration-ms="10169">
      <class name="api.test.testsStudents">
        <test-method is-config="true" signature="setup()[pri:0, instance:api.test.testsStudents@51c668e3]" started-at="2023-06-14T19:14:58 CDT" name="setup" finished-at="2023-06-14T19:14:59 CDT" duration-ms="1423" status="PASS">
          <reporter-output>
          </reporter-output>
        </test-method> <!-- setup -->
        <test-method signature="testPostStudent(org.testng.ITestContext)[pri:1, instance:api.test.testsStudents@51c668e3]" started-at="2023-06-14T19:14:59 CDT" name="testPostStudent" finished-at="2023-06-14T19:15:04 CDT" duration-ms="4941" status="PASS">
          <params>
            <param index="0">
              <value>
                <![CDATA[org.testng.TestRunner@37ca3ca8]]>
              </value>
            </param>
          </params>
          <reporter-output>
          </reporter-output>
        </test-method> <!-- testPostStudent -->
        <test-method signature="testGetStudent(org.testng.ITestContext)[pri:2, instance:api.test.testsStudents@51c668e3]" started-at="2023-06-14T19:15:04 CDT" name="testGetStudent" finished-at="2023-06-14T19:15:05 CDT" depends-on-methods="api.test.testsStudents.testPostStudent" duration-ms="148" status="PASS">
          <params>
            <param index="0">
              <value>
                <![CDATA[org.testng.TestRunner@37ca3ca8]]>
              </value>
            </param>
          </params>
          <reporter-output>
          </reporter-output>
        </test-method> <!-- testGetStudent -->
        <test-method signature="testPutStudent(org.testng.ITestContext)[pri:3, instance:api.test.testsStudents@51c668e3]" started-at="2023-06-14T19:15:05 CDT" name="testPutStudent" finished-at="2023-06-14T19:15:05 CDT" depends-on-methods="api.test.testsStudents.testPostStudent" duration-ms="90" status="PASS">
          <params>
            <param index="0">
              <value>
                <![CDATA[org.testng.TestRunner@37ca3ca8]]>
              </value>
            </param>
          </params>
          <reporter-output>
          </reporter-output>
        </test-method> <!-- testPutStudent -->
        <test-method signature="testDeleteStudent(org.testng.ITestContext)[pri:4, instance:api.test.testsStudents@51c668e3]" started-at="2023-06-14T19:15:05 CDT" name="testDeleteStudent" finished-at="2023-06-14T19:15:05 CDT" depends-on-methods="api.test.testsStudents.testPostStudent" duration-ms="74" status="PASS">
          <params>
            <param index="0">
              <value>
                <![CDATA[org.testng.TestRunner@37ca3ca8]]>
              </value>
            </param>
          </params>
          <reporter-output>
          </reporter-output>
        </test-method> <!-- testDeleteStudent -->
      </class> <!-- api.test.testsStudents -->
      <class name="api.test.testsStudents2">
        <test-method is-config="true" signature="setup()[pri:0, instance:api.test.testsStudents2@537f60bf]" started-at="2023-06-14T19:15:05 CDT" name="setup" finished-at="2023-06-14T19:15:05 CDT" duration-ms="91" status="PASS">
          <reporter-output>
          </reporter-output>
        </test-method> <!-- setup -->
        <test-method signature="testPostStudent(org.testng.ITestContext)[pri:1, instance:api.test.testsStudents2@537f60bf]" started-at="2023-06-14T19:15:05 CDT" name="testPostStudent" finished-at="2023-06-14T19:15:05 CDT" duration-ms="111" status="PASS">
          <params>
            <param index="0">
              <value>
                <![CDATA[org.testng.TestRunner@37ca3ca8]]>
              </value>
            </param>
          </params>
          <reporter-output>
          </reporter-output>
        </test-method> <!-- testPostStudent -->
        <test-method signature="testGetStudent(org.testng.ITestContext)[pri:2, instance:api.test.testsStudents2@537f60bf]" started-at="2023-06-14T19:15:05 CDT" name="testGetStudent" finished-at="2023-06-14T19:15:05 CDT" depends-on-methods="api.test.testsStudents2.testPostStudent" duration-ms="72" status="PASS">
          <params>
            <param index="0">
              <value>
                <![CDATA[org.testng.TestRunner@37ca3ca8]]>
              </value>
            </param>
          </params>
          <reporter-output>
          </reporter-output>
        </test-method> <!-- testGetStudent -->
        <test-method signature="testPutStudent(org.testng.ITestContext)[pri:3, instance:api.test.testsStudents2@537f60bf]" started-at="2023-06-14T19:15:05 CDT" name="testPutStudent" finished-at="2023-06-14T19:15:05 CDT" depends-on-methods="api.test.testsStudents2.testPostStudent" duration-ms="90" status="PASS">
          <params>
            <param index="0">
              <value>
                <![CDATA[org.testng.TestRunner@37ca3ca8]]>
              </value>
            </param>
          </params>
          <reporter-output>
          </reporter-output>
        </test-method> <!-- testPutStudent -->
        <test-method signature="testDeleteStudent(org.testng.ITestContext)[pri:4, instance:api.test.testsStudents2@537f60bf]" started-at="2023-06-14T19:15:05 CDT" name="testDeleteStudent" finished-at="2023-06-14T19:15:05 CDT" depends-on-methods="api.test.testsStudents2.testPostStudent" duration-ms="58" status="PASS">
          <params>
            <param index="0">
              <value>
                <![CDATA[org.testng.TestRunner@37ca3ca8]]>
              </value>
            </param>
          </params>
          <reporter-output>
          </reporter-output>
        </test-method> <!-- testDeleteStudent -->
      </class> <!-- api.test.testsStudents2 -->
      <class name="api.test.DDTests">
        <test-method signature="testGetUser(int)[pri:1, instance:api.test.DDTests@5677323c]" started-at="2023-06-14T19:15:07 CDT" name="testGetUser" data-provider="StudentId" finished-at="2023-06-14T19:15:07 CDT" duration-ms="66" status="PASS">
          <params>
            <param index="0">
              <value>
                <![CDATA[1]]>
              </value>
            </param>
          </params>
          <reporter-output>
          </reporter-output>
        </test-method> <!-- testGetUser -->
        <test-method signature="testGetUser(int)[pri:1, instance:api.test.DDTests@5677323c]" started-at="2023-06-14T19:15:07 CDT" name="testGetUser" data-provider="StudentId" finished-at="2023-06-14T19:15:07 CDT" duration-ms="50" status="PASS">
          <params>
            <param index="0">
              <value>
                <![CDATA[2]]>
              </value>
            </param>
          </params>
          <reporter-output>
          </reporter-output>
        </test-method> <!-- testGetUser -->
        <test-method signature="testGetUser(int)[pri:1, instance:api.test.DDTests@5677323c]" started-at="2023-06-14T19:15:07 CDT" name="testGetUser" data-provider="StudentId" finished-at="2023-06-14T19:15:07 CDT" duration-ms="46" status="PASS">
          <params>
            <param index="0">
              <value>
                <![CDATA[3]]>
              </value>
            </param>
          </params>
          <reporter-output>
          </reporter-output>
        </test-method> <!-- testGetUser -->
        <test-method signature="testUpdateStudents(java.lang.String,java.lang.String,java.lang.String,java.lang.String)[pri:2, instance:api.test.DDTests@5677323c]" started-at="2023-06-14T19:15:08 CDT" name="testUpdateStudents" data-provider="Data" finished-at="2023-06-14T19:15:08 CDT" duration-ms="63" status="PASS">
          <params>
            <param index="0">
              <value>
                <![CDATA[1]]>
              </value>
            </param>
            <param index="1">
              <value>
                <![CDATA[test1]]>
              </value>
            </param>
            <param index="2">
              <value>
                <![CDATA[mex]]>
              </value>
            </param>
            <param index="3">
              <value>
                <![CDATA[123132]]>
              </value>
            </param>
          </params>
          <reporter-output>
          </reporter-output>
        </test-method> <!-- testUpdateStudents -->
        <test-method signature="testUpdateStudents(java.lang.String,java.lang.String,java.lang.String,java.lang.String)[pri:2, instance:api.test.DDTests@5677323c]" started-at="2023-06-14T19:15:08 CDT" name="testUpdateStudents" data-provider="Data" finished-at="2023-06-14T19:15:08 CDT" duration-ms="27" status="PASS">
          <params>
            <param index="0">
              <value>
                <![CDATA[2]]>
              </value>
            </param>
            <param index="1">
              <value>
                <![CDATA[test2]]>
              </value>
            </param>
            <param index="2">
              <value>
                <![CDATA[usa]]>
              </value>
            </param>
            <param index="3">
              <value>
                <![CDATA[43546]]>
              </value>
            </param>
          </params>
          <reporter-output>
          </reporter-output>
        </test-method> <!-- testUpdateStudents -->
        <test-method signature="testUpdateStudents(java.lang.String,java.lang.String,java.lang.String,java.lang.String)[pri:2, instance:api.test.DDTests@5677323c]" started-at="2023-06-14T19:15:08 CDT" name="testUpdateStudents" data-provider="Data" finished-at="2023-06-14T19:15:08 CDT" duration-ms="49" status="PASS">
          <params>
            <param index="0">
              <value>
                <![CDATA[3]]>
              </value>
            </param>
            <param index="1">
              <value>
                <![CDATA[test3]]>
              </value>
            </param>
            <param index="2">
              <value>
                <![CDATA[chin]]>
              </value>
            </param>
            <param index="3">
              <value>
                <![CDATA[78778]]>
              </value>
            </param>
          </params>
          <reporter-output>
          </reporter-output>
        </test-method> <!-- testUpdateStudents -->
      </class> <!-- api.test.DDTests -->
    </test> <!-- APITest -->
  </suite> <!-- Students -->
</testng-results>
