<?xml version="1.0" encoding="UTF-8"?>
<testng-results ignored="1" total="4" passed="3" failed="0" skipped="0">
  <reporter-output>
  </reporter-output>
  <suite started-at="2023-06-14T23:45:41 CDT" name="Default suite" finished-at="2023-06-14T23:45:47 CDT" duration-ms="5868">
    <groups>
    </groups>
    <test started-at="2023-06-14T23:45:41 CDT" name="Default test" finished-at="2023-06-14T23:45:47 CDT" duration-ms="5868">
      <class name="api.test.DDTests">
        <test-method signature="testUpdateStudents(java.lang.String,java.lang.String,java.lang.String,java.lang.String,java.lang.String)[pri:2, instance:api.test.DDTests@f0c8a99]" started-at="2023-06-14T23:45:44 CDT" name="testUpdateStudents" data-provider="Data" finished-at="2023-06-14T23:45:47 CDT" duration-ms="3108" status="PASS">
          <params>
            <param index="0">
              <value>
                <![CDATA[1]]>
              </value>
            </param>
            <param index="1">
              <value>
                <![CDATA[test1]]>
              </value>
            </param>
            <param index="2">
              <value>
                <![CDATA[mex]]>
              </value>
            </param>
            <param index="3">
              <value>
                <![CDATA[123132]]>
              </value>
            </param>
            <param index="4">
              <value>
                <![CDATA[java,c]]>
              </value>
            </param>
          </params>
          <reporter-output>
          </reporter-output>
        </test-method> <!-- testUpdateStudents -->
        <test-method signature="testUpdateStudents(java.lang.String,java.lang.String,java.lang.String,java.lang.String,java.lang.String)[pri:2, instance:api.test.DDTests@f0c8a99]" started-at="2023-06-14T23:45:47 CDT" name="testUpdateStudents" data-provider="Data" finished-at="2023-06-14T23:45:47 CDT" duration-ms="76" status="PASS">
          <params>
            <param index="0">
              <value>
                <![CDATA[2]]>
              </value>
            </param>
            <param index="1">
              <value>
                <![CDATA[test2]]>
              </value>
            </param>
            <param index="2">
              <value>
                <![CDATA[usa]]>
              </value>
            </param>
            <param index="3">
              <value>
                <![CDATA[43546]]>
              </value>
            </param>
            <param index="4">
              <value>
                <![CDATA[js,php]]>
              </value>
            </param>
          </params>
          <reporter-output>
          </reporter-output>
        </test-method> <!-- testUpdateStudents -->
        <test-method signature="testUpdateStudents(java.lang.String,java.lang.String,java.lang.String,java.lang.String,java.lang.String)[pri:2, instance:api.test.DDTests@f0c8a99]" started-at="2023-06-14T23:45:47 CDT" name="testUpdateStudents" data-provider="Data" finished-at="2023-06-14T23:45:47 CDT" duration-ms="73" status="PASS">
          <params>
            <param index="0">
              <value>
                <![CDATA[3]]>
              </value>
            </param>
            <param index="1">
              <value>
                <![CDATA[test3]]>
              </value>
            </param>
            <param index="2">
              <value>
                <![CDATA[chin]]>
              </value>
            </param>
            <param index="3">
              <value>
                <![CDATA[78778]]>
              </value>
            </param>
            <param index="4">
              <value>
                <![CDATA[c++,java]]>
              </value>
            </param>
          </params>
          <reporter-output>
          </reporter-output>
        </test-method> <!-- testUpdateStudents -->
      </class> <!-- api.test.DDTests -->
    </test> <!-- Default test -->
  </suite> <!-- Default suite -->
</testng-results>
