<?xml version="1.0" encoding="UTF-8"?>
<!-- Generated by org.testng.reporters.JUnitXMLReporter -->
<testsuite ignored="0" hostname="HP-Dago" failures="0" tests="14" name="APITest" time="10.643" errors="0" timestamp="2023-06-14T19:10:01 CDT">
  <testcase classname="api.test.testsStudents" name="testPostStudent" time="4.913"/>
  <testcase classname="api.test.testsStudents" name="testGetStudent" time="0.133"/>
  <testcase classname="api.test.testsStudents" name="testPutStudent" time="0.1"/>
  <testcase classname="api.test.testsStudents" name="testDeleteStudent" time="0.079"/>
  <testcase classname="api.test.testsStudents2" name="testPostStudent" time="0.127"/>
  <testcase classname="api.test.testsStudents2" name="testGetStudent" time="0.077"/>
  <testcase classname="api.test.testsStudents2" name="testPutStudent" time="0.086"/>
  <testcase classname="api.test.testsStudents2" name="testDeleteStudent" time="0.079"/>
  <testcase classname="api.test.DDTests" name="testGetUser" time="0.054"/>
  <testcase classname="api.test.DDTests" name="testGetUser" time="0.04"/>
  <testcase classname="api.test.DDTests" name="testGetUser" time="0.062"/>
  <testcase classname="api.test.DDTests" name="testUpdateStudents" time="0.054"/>
  <testcase classname="api.test.DDTests" name="testUpdateStudents" time="0.052"/>
  <testcase classname="api.test.DDTests" name="testUpdateStudents" time="0.06"/>
</testsuite> <!-- APITest -->
